<?xml version="1.0" encoding="UTF-8"?>
<!-- Generated by org.testng.reporters.JUnitReportReporter -->
<testsuite hostname="SHIV" failures="0" tests="6" name="snapdeal_test.snapdeal" time="23.751" errors="0" timestamp="2024-08-19T13:46:01 IST" skipped="0">
  <testcase classname="snapdeal_test.snapdeal" name="TitleTest" time="5.243"/>
  <system-out/>
  <testcase classname="snapdeal_test.snapdeal" name="VerifyFilteringOptionsTest" time="0.886"/>
  <system-out/>
  <testcase classname="snapdeal_test.snapdeal" name="VerifyClearFilterTest" time="0.288"/>
  <system-out/>
  <testcase classname="snapdeal_test.snapdeal" name="CartTest" time="1.009"/>
  <system-out/>
  <testcase classname="snapdeal_test.snapdeal" name="VerifyBrokenLinkTest" time="16.007"/>
  <system-out/>
  <testcase classname="snapdeal_test.snapdeal" name="VerifyPincode" time="0.318"/>
  <system-out/>
</testsuite> <!-- snapdeal_test.snapdeal -->
